<?xml version="1.0" encoding="UTF-8"?>
<testsuite xmlns:xsi="http://www.w3.org/2001/XMLSchema-instance" xsi:noNamespaceSchemaLocation="https://maven.apache.org/surefire/maven-surefire-plugin/xsd/surefire-test-report-3.0.xsd" version="3.0" name="edu.uob.ExampleDBTests" time="0.109" tests="4" errors="0" skipped="0" failures="0">
  <properties>
[...]
</properties>
  <testcase name="testQueryID" classname="edu.uob.ExampleDBTests" time="0.051">
    <system-out><![CDATA[CREATE
DATABASE
rnptwvqwwi
;
Database directory created at: D:\Msc Computer Science\TB2\OOP Java\databaseJava\cw-db\databases\rnptwvqwwi
USE
rnptwvqwwi
;
Current database set to: rnptwvqwwi
CREATE
TABLE
marks
(
name
,
mark
,
pass
)
;
Database folder path: D:\Msc Computer Science\TB2\OOP Java\databaseJava\cw-db\databases\rnptwvqwwi
Table file exists: false
Table file path: D:\Msc Computer Science\TB2\OOP Java\databaseJava\cw-db\databases\rnptwvqwwi\marks.tab
Table file created: D:\Msc Computer Science\TB2\OOP Java\databaseJava\cw-db\databases\rnptwvqwwi\marks.tab
Column headers added to the table file.
INSERT
INTO
marks
VALUES
(
'Simon'
,
65
,
TRUE
)
;
size mismatch
Row successfully added to table file
Added row to table marks: [1, 'Simon', 65, TRUE]
SELECT
id
FROM
marks
WHERE
name
==
'Simon'
;
]]></system-out>
  </testcase>
  <testcase name="testBasicCreateAndQuery" classname="edu.uob.ExampleDBTests" time="0.018">
    <system-out><![CDATA[CREATE
DATABASE
cytujnvjuc
;
Database directory created at: D:\Msc Computer Science\TB2\OOP Java\databaseJava\cw-db\databases\cytujnvjuc
USE
cytujnvjuc
;
Current database set to: cytujnvjuc
CREATE
TABLE
marks
(
name
,
mark
,
pass
)
;
Database folder path: D:\Msc Computer Science\TB2\OOP Java\databaseJava\cw-db\databases\cytujnvjuc
Table file exists: false
Table file path: D:\Msc Computer Science\TB2\OOP Java\databaseJava\cw-db\databases\cytujnvjuc\marks.tab
Table file created: D:\Msc Computer Science\TB2\OOP Java\databaseJava\cw-db\databases\cytujnvjuc\marks.tab
Column headers added to the table file.
INSERT
INTO
marks
VALUES
(
'Simon'
,
65
,
TRUE
)
;
size mismatch
Row successfully added to table file
Added row to table marks: [1, 'Simon', 65, TRUE]
INSERT
INTO
marks
VALUES
(
'Sion'
,
55
,
TRUE
)
;
size mismatch
Row successfully added to table file
Added row to table marks: [2, 'Sion', 55, TRUE]
INSERT
INTO
marks
VALUES
(
'Rob'
,
35
,
FALSE
)
;
size mismatch
Row successfully added to table file
Added row to table marks: [3, 'Rob', 35, FALSE]
INSERT
INTO
marks
VALUES
(
'Chris'
,
20
,
FALSE
)
;
size mismatch
Row successfully added to table file
Added row to table marks: [4, 'Chris', 20, FALSE]
SELECT
*
FROM
marks
;
SELECT * detected - all columns will be selected
Table Name: marks
Columns: [id, name, mark, pass]
Total Columns: 3
Total Rows: 4
Data:
[1, 'Simon', 65, TRUE]
[2, 'Sion', 55, TRUE]
[3, 'Rob', 35, FALSE]
[4, 'Chris', 20, FALSE]
]]></system-out>
  </testcase>
  <testcase name="testTablePersistsAfterRestart" classname="edu.uob.ExampleDBTests" time="0.013">
    <system-out><![CDATA[CREATE
DATABASE
kjwtdutdrw
;
Database directory created at: D:\Msc Computer Science\TB2\OOP Java\databaseJava\cw-db\databases\kjwtdutdrw
USE
kjwtdutdrw
;
Current database set to: kjwtdutdrw
CREATE
TABLE
marks
(
name
,
mark
,
pass
)
;
Database folder path: D:\Msc Computer Science\TB2\OOP Java\databaseJava\cw-db\databases\kjwtdutdrw
Table file exists: false
Table file path: D:\Msc Computer Science\TB2\OOP Java\databaseJava\cw-db\databases\kjwtdutdrw\marks.tab
Table file created: D:\Msc Computer Science\TB2\OOP Java\databaseJava\cw-db\databases\kjwtdutdrw\marks.tab
Column headers added to the table file.
INSERT
INTO
marks
VALUES
(
'Simon'
,
65
,
TRUE
)
;
size mismatch
Row successfully added to table file
Added row to table marks: [1, 'Simon', 65, TRUE]
USE
kjwtdutdrw
;
Database directory created at: D:\Msc Computer Science\TB2\OOP Java\databaseJava\cw-db\databases\kjwtdutdrw
Current database set to: kjwtdutdrw
SELECT
*
FROM
marks
;
Error updating table file after adding column: D:\Msc Computer Science\TB2\OOP Java\databaseJava\cw-db\databases\null\marks.tab (The system cannot find the path specified)
Column 'name' added to table: marks
Error updating table file after adding column: D:\Msc Computer Science\TB2\OOP Java\databaseJava\cw-db\databases\null\marks.tab (The system cannot find the path specified)
Column 'mark' added to table: marks
Error updating table file after adding column: D:\Msc Computer Science\TB2\OOP Java\databaseJava\cw-db\databases\null\marks.tab (The system cannot find the path specified)
Column 'pass' added to table: marks
Error writing to table file: D:\Msc Computer Science\TB2\OOP Java\databaseJava\cw-db\databases\null\marks.tab (The system cannot find the path specified)
Added row to table marks: [1, 'Simon', 65, TRUE]
Database folder path: D:\Msc Computer Science\TB2\OOP Java\databaseJava\cw-db\databases\kjwtdutdrw
Table file exists: true
Table file path: D:\Msc Computer Science\TB2\OOP Java\databaseJava\cw-db\databases\kjwtdutdrw\marks.tab
SELECT * detected - all columns will be selected
Table Name: marks
Columns: [id, name, mark, pass]
Total Columns: 4
Total Rows: 1
Data:
[1, 'Simon', 65, TRUE]
]]></system-out>
  </testcase>
  <testcase name="testForErrorTag" classname="edu.uob.ExampleDBTests" time="0.009">
    <system-out><![CDATA[CREATE
DATABASE
rduunasgjj
;
Database directory created at: D:\Msc Computer Science\TB2\OOP Java\databaseJava\cw-db\databases\rduunasgjj
USE
rduunasgjj
;
Current database set to: rduunasgjj
CREATE
TABLE
marks
(
name
,
mark
,
pass
)
;
Database folder path: D:\Msc Computer Science\TB2\OOP Java\databaseJava\cw-db\databases\rduunasgjj
Table file exists: false
Table file path: D:\Msc Computer Science\TB2\OOP Java\databaseJava\cw-db\databases\rduunasgjj\marks.tab
Table file created: D:\Msc Computer Science\TB2\OOP Java\databaseJava\cw-db\databases\rduunasgjj\marks.tab
Column headers added to the table file.
INSERT
INTO
marks
VALUES
(
'Simon'
,
65
,
TRUE
)
;
size mismatch
Row successfully added to table file
Added row to table marks: [1, 'Simon', 65, TRUE]
SELECT
*
FROM
libraryfines
;
]]></system-out>
  </testcase>
</testsuite>