<?xml version="1.0" encoding="UTF-8"?>
<testsuite xmlns:xsi="http://www.w3.org/2001/XMLSchema-instance" xsi:noNamespaceSchemaLocation="https://maven.apache.org/surefire/maven-surefire-plugin/xsd/surefire-test-report-3.0.xsd" version="3.0" name="edu.uob.MyTests" time="0.06" tests="2" errors="0" skipped="0" failures="0">
  <properties>
[...]
</properties>
  <testcase name="testForSelect" classname="edu.uob.MyTests" time="0.043">
    <system-out><![CDATA[CREATE
DATABASE
mkknyqmrlw
;
Database directory created at: /home/np24437/OOPs Java/week 7/databaseJava/cw-db/databases/mkknyqmrlw
USE
mkknyqmrlw
;
Current database set to: mkknyqmrlw
CREATE
TABLE
tb2
(
at1
,
at2
,
at3
)
;
Database folder path: /home/np24437/OOPs Java/week 7/databaseJava/cw-db/databases/mkknyqmrlw
Table file exists: false
Table file path: /home/np24437/OOPs Java/week 7/databaseJava/cw-db/databases/mkknyqmrlw/tb2.tab
Table file created: /home/np24437/OOPs Java/week 7/databaseJava/cw-db/databases/mkknyqmrlw/tb2.tab
Column headers added to the table file.
INSERT
INTO
tb2
VALUES
(
v1
,
v2
,
v3
)
;
size mismatch
Row successfully added to table file
Added row to table tb2: [1, v1, v2, v3]
INSERT
INTO
tb2
VALUES
(
v4
,
v5
,
v6
)
;
size mismatch
Row successfully added to table file
Added row to table tb2: [2, v4, v5, v6]
SELECT
at3
FROM
tb2
WHERE
at1
==
v1
AND
at2
==
v2
;
DROP
DATABASE
mkknyqmrlw
;
Database folder deleted from file system: /home/np24437/OOPs Java/week 7/databaseJava/cw-db/databases/mkknyqmrlw
Warning: Database directory not found at: /home/np24437/OOPs Java/week 7/databaseJava/cw-db/databases/mkknyqmrlw
]]></system-out>
  </testcase>
  <testcase name="testForUpdate" classname="edu.uob.MyTests" time="0.013">
    <system-out><![CDATA[CREATE
DATABASE
ejfbjructr
;
Database directory created at: /home/np24437/OOPs Java/week 7/databaseJava/cw-db/databases/ejfbjructr
USE
ejfbjructr
;
Current database set to: ejfbjructr
CREATE
TABLE
tb1
(
at1
,
at2
,
at3
)
;
Database folder path: /home/np24437/OOPs Java/week 7/databaseJava/cw-db/databases/ejfbjructr
Table file exists: false
Table file path: /home/np24437/OOPs Java/week 7/databaseJava/cw-db/databases/ejfbjructr/tb1.tab
Table file created: /home/np24437/OOPs Java/week 7/databaseJava/cw-db/databases/ejfbjructr/tb1.tab
Column headers added to the table file.
INSERT
INTO
tb1
VALUES
(
v4
,
v8
,
v6
)
;
size mismatch
Row successfully added to table file
Added row to table tb1: [1, v4, v8, v6]
INSERT
INTO
tb1
VALUES
(
v7
,
v8
,
v6
)
;
size mismatch
Row successfully added to table file
Added row to table tb1: [2, v7, v8, v6]
UPDATE
tb1
SET
at2
=
BB
WHERE
at3
==
v6
;
SELECT
*
FROM
tb1
;
SELECT * detected - all columns will be selected
Table Name: tb1
Columns: [id, at1, at2, at3]
Total Columns: 3
Total Rows: 2
Data:
[1, v4, BB, v6]
[2, v7, BB, v6]
DROP
DATABASE
ejfbjructr
;
Database folder deleted from file system: /home/np24437/OOPs Java/week 7/databaseJava/cw-db/databases/ejfbjructr
Warning: Database directory not found at: /home/np24437/OOPs Java/week 7/databaseJava/cw-db/databases/ejfbjructr
]]></system-out>
  </testcase>
</testsuite>